<?xml version="1.0" encoding="UTF-8"?>
<!-- Generated by org.testng.reporters.JUnitReportReporter -->
<testsuite hostname="LAPTOP-P63IV90U" failures="0" tests="2" name="test.LoginTest" time="14.840" errors="0" timestamp="20 Jul 2019 22:57:44 GMT">
  <testcase classname="test.LoginTest" name="TechfiosLoginTest" time="9.595"/>
  <testcase classname="test.LoginTest" name="TechfiosLoginTest2" time="5.245"/>
</testsuite> <!-- test.LoginTest -->
